<?xml version="1.0" encoding="UTF-8"?>
<!-- Generated by org.testng.reporters.JUnitReportReporter -->
<testsuite skipped="0" hostname="Jeff" name="HomePageTestPackage.HomePageTest" tests="1" failures="0" timestamp="30 Jun 2019 19:21:15 GMT" time="7.662" errors="0">
  <testcase name="searchBoxTest" time="7.662" classname="HomePageTestPackage.HomePageTest"/>
</testsuite> <!-- HomePageTestPackage.HomePageTest -->
